2020-04-19 16:43:52 DEBUG SignProcessor:26 - ======= START Sign processor main method =========
2020-04-19 16:43:52 DEBUG SignProcessor:45 - ======== END Sign processor main method =========
2020-04-19 16:46:49 DEBUG SignProcessor:26 - ======= START Sign processor main method =========
2020-04-19 16:46:49 DEBUG SignProcessor:45 - ======== END Sign processor main method =========
2020-04-19 16:46:51 DEBUG SignProcessor:26 - ======= START Sign processor main method =========
2020-04-19 16:46:51 DEBUG SignProcessor:45 - ======== END Sign processor main method =========
2020-04-19 16:48:31 DEBUG SignProcessor:26 - ======= START Sign processor main method =========
2020-04-19 16:48:31 DEBUG SignProcessor:49 - ======= START INIT method with filePath =========
2020-04-19 16:48:31 DEBUG SignProcessor:52 - ======= END INIT method with filePath =========
2020-04-19 16:48:31 DEBUG FileSignerImpl:56 - ======== START  fileValidator =========
2020-04-19 16:48:31 DEBUG FileSignerImpl:69 - ERROR when reading attributes /src/main/resources/files/text.txt
2020-04-19 16:48:31 DEBUG FileSignerImpl:71 - ======== END  fileValidator =========
2020-04-19 16:48:31 DEBUG SignProcessor:43 - file is valid: err
2020-04-19 16:48:31 DEBUG SignProcessor:45 - ======== END Sign processor main method =========
2020-04-19 16:48:59 DEBUG SignProcessor:26 - ======= START Sign processor main method =========
2020-04-19 16:48:59 DEBUG SignProcessor:49 - ======= START INIT method with filePath =========
2020-04-19 16:48:59 DEBUG SignProcessor:52 - ======= END INIT method with filePath =========
2020-04-19 16:48:59 DEBUG FileSignerImpl:21 - ======== START setSignAttributeToFile =========
2020-04-19 16:48:59 DEBUG FileSignerImpl:39 - ERROR when reading attributes/src/main/resources/files/text.txt
2020-04-19 16:48:59 DEBUG FileSignerImpl:41 - ======== END setSignAttributeToFile =========
2020-04-19 16:48:59 DEBUG SignProcessor:36 - Signed file name  text.txt
2020-04-19 16:48:59 DEBUG SignProcessor:45 - ======== END Sign processor main method =========
2020-04-19 16:50:20 DEBUG SignProcessor:26 - ======= START Sign processor main method =========
2020-04-19 16:50:20 DEBUG SignProcessor:49 - ======= START INIT method with filePath =========
2020-04-19 16:50:20 DEBUG SignProcessor:52 - ======= END INIT method with filePath =========
2020-04-19 16:50:20 DEBUG FileSignerImpl:21 - ======== START setSignAttributeToFile =========
2020-04-19 16:50:20 DEBUG FileSignerImpl:39 - ERROR when reading attributes:/src/main/resources/files/text.txt
2020-04-19 16:50:20 DEBUG FileSignerImpl:41 - ======== END setSignAttributeToFile =========
2020-04-19 16:50:20 DEBUG SignProcessor:36 - Signed file name  text.txt
2020-04-19 16:50:20 DEBUG SignProcessor:45 - ======== END Sign processor main method =========
2020-04-19 16:52:35 DEBUG SignProcessor:26 - ======= START Sign processor main method =========
2020-04-19 16:52:35 DEBUG SignProcessor:49 - ======= START INIT method with filePath =========
2020-04-19 16:52:35 DEBUG SignProcessor:52 - ======= END INIT method with filePath =========
2020-04-19 16:52:35 DEBUG FileSignerImpl:21 - ======== START setSignAttributeToFile =========
2020-04-19 16:56:07 DEBUG FileSignerImpl:39 - ERROR when reading attributes:/src/main/resources/files/text.txt
2020-04-19 16:56:07 DEBUG FileSignerImpl:41 - ======== END setSignAttributeToFile =========
2020-04-19 16:56:07 DEBUG SignProcessor:36 - Signed file name  text.txt
2020-04-19 16:56:11 DEBUG SignProcessor:45 - ======== END Sign processor main method =========
2020-04-19 16:56:11 DEBUG SignProcessor:26 - ======= START Sign processor main method =========
2020-04-19 16:56:11 DEBUG SignProcessor:49 - ======= START INIT method with filePath =========
2020-04-19 16:56:11 DEBUG SignProcessor:52 - ======= END INIT method with filePath =========
2020-04-19 16:56:11 DEBUG FileSignerImpl:21 - ======== START setSignAttributeToFile =========
2020-04-19 16:56:15 DEBUG FileSignerImpl:39 - ERROR when reading attributes:/src/main/resources/files/text.txt
2020-04-19 16:56:15 DEBUG FileSignerImpl:41 - ======== END setSignAttributeToFile =========
2020-04-19 16:56:15 DEBUG SignProcessor:36 - Signed file name  text.txt
2020-04-19 16:56:16 DEBUG SignProcessor:45 - ======== END Sign processor main method =========
2020-04-19 17:05:58 DEBUG SignProcessor:26 - ======= START Sign processor main method =========
2020-04-19 17:05:58 DEBUG SignProcessor:49 - ======= START INIT method with filePath =========
2020-04-19 17:05:58 DEBUG SignProcessor:52 - ======= END INIT method with filePath =========
2020-04-19 17:05:58 DEBUG FileSignerImpl:23 - ======== START setSignAttributeToFile =========
2020-04-19 17:05:58 DEBUG FileSignerImpl:30 - ERROR when reading attributes:/src/main/resources/files/text.txt
2020-04-19 17:05:58 DEBUG FileSignerImpl:32 - ======== END setSignAttributeToFile =========
2020-04-19 17:05:58 DEBUG SignProcessor:36 - Signed file name  text.txt
2020-04-19 17:05:58 DEBUG SignProcessor:45 - ======== END Sign processor main method =========
2020-04-19 17:07:42 DEBUG SignProcessor:26 - ======= START Sign processor main method =========
2020-04-19 17:07:42 DEBUG SignProcessor:49 - ======= START INIT method with filePath:/src/main/resources/files/text.txt =========
2020-04-19 17:07:42 DEBUG SignProcessor:52 - ======= END INIT method with file.length: 0 =========
2020-04-19 17:07:42 DEBUG FileSignerImpl:23 - ======== START setSignAttributeToFile =========
2020-04-19 17:07:42 DEBUG FileSignerImpl:30 - ERROR when reading attributes:/src/main/resources/files/text.txt
2020-04-19 17:07:42 DEBUG FileSignerImpl:32 - ======== END setSignAttributeToFile =========
2020-04-19 17:07:42 DEBUG SignProcessor:36 - Signed file name  text.txt
2020-04-19 17:07:42 DEBUG SignProcessor:45 - ======== END Sign processor main method =========
2020-04-19 17:08:30 DEBUG SignProcessor:26 - ======= START Sign processor main method =========
2020-04-19 17:08:30 DEBUG SignProcessor:49 - ======= START INIT method with filePath:src/main/resources/files/text.txt =========
2020-04-19 17:08:30 DEBUG SignProcessor:52 - ======= END INIT method with file.length: 16 =========
2020-04-19 17:08:30 DEBUG FileSignerImpl:23 - ======== START setSignAttributeToFile =========
2020-04-19 17:08:30 DEBUG FileSignerImpl:32 - ======== END setSignAttributeToFile =========
2020-04-19 17:08:30 DEBUG SignProcessor:36 - Signed file name  text.txt
2020-04-19 17:08:30 DEBUG SignProcessor:45 - ======== END Sign processor main method =========
2020-04-19 17:09:36 DEBUG SignProcessor:26 - ======= START Sign processor main method =========
2020-04-19 17:09:36 DEBUG SignProcessor:49 - ======= START INIT method with filePath:src/main/resources/files/text.txt =========
2020-04-19 17:09:36 DEBUG SignProcessor:52 - ======= END INIT method with file.length: 16 =========
2020-04-19 17:09:36 DEBUG FileSignerImpl:58 - ======== START  fileValidator =========
2020-04-19 17:09:36 DEBUG FileSignerImpl:80 - File Attribute: /home/some/FileCertSigner/src/main/resources/files/text.txtAA009400007127312|UAH|AKD_ACCOUNT|26002878913122||.ACD
2020-04-19 17:09:36 DEBUG FileSignerImpl:67 - ======== END  fileValidator =========
2020-04-19 17:09:36 DEBUG SignProcessor:43 - file is valid: ok
2020-04-19 17:09:36 DEBUG SignProcessor:45 - ======== END Sign processor main method =========
2020-04-20 22:47:56 DEBUG SignProcessor:21 - ======= START Sign processor main method =========
2020-04-20 22:47:56 DEBUG SignProcessor:40 - ======= START INIT method with filePath:src/main/resources/files/text.txt =========
2020-04-20 22:47:56 DEBUG SignProcessor:43 - ======= END INIT method with file.length: 16 =========
2020-04-20 22:47:56 DEBUG SignProcessor:28 - INIT success
2020-04-20 22:47:56 DEBUG FileSignerImpl:49 - ======== START  fileValidator =========
2020-04-20 22:47:56 DEBUG FileSignerImpl:55 - ERROR when reading attributes src/main/resources/files/text.txt: Unable to get size of extended attribute 'SystemID-SAPBS': No data available
2020-04-20 22:47:56 DEBUG FileSignerImpl:57 - ======== END  fileValidator =========
2020-04-20 22:47:56 DEBUG SignProcessor:34 - file is valid: err
2020-04-20 22:47:56 DEBUG SignProcessor:36 - ======== END Sign processor main method =========
2020-04-20 22:49:01 DEBUG SignProcessor:21 - ======= START Sign processor main method =========
2020-04-20 22:49:01 DEBUG SignProcessor:40 - ======= START INIT method with filePath:src/main/resources/files/text.txt =========
2020-04-20 22:49:01 DEBUG SignProcessor:43 - ======= END INIT method with file.length: 16 =========
2020-04-20 22:49:01 DEBUG SignProcessor:28 - INIT success
2020-04-20 22:49:01 DEBUG FileSignerImpl:21 - ======== START setSignAttributeToFile =========
2020-04-20 22:49:01 DEBUG FileSignerImpl:30 - ======== END setSignAttributeToFile =========
2020-04-20 22:49:01 DEBUG SignProcessor:31 - Signed file name  text.txt
2020-04-20 22:49:01 DEBUG FileSignerImpl:49 - ======== START  fileValidator =========
2020-04-20 22:49:01 DEBUG FileSignerImpl:70 - File Attribute: /home/some/FileCertSigner/src/main/resources/files/text.txtAA009400007127312|UAH|AKD_ACCOUNT|26002878913122||.ACD
2020-04-20 22:49:01 DEBUG FileSignerImpl:57 - ======== END  fileValidator =========
2020-04-20 22:49:01 DEBUG SignProcessor:34 - file is valid: ok
2020-04-20 22:49:01 DEBUG SignProcessor:36 - ======== END Sign processor main method =========
2020-04-20 22:49:16 DEBUG SignProcessor:21 - ======= START Sign processor main method =========
2020-04-20 22:49:16 DEBUG SignProcessor:40 - ======= START INIT method with filePath:src/main/resources/files/text.txt =========
2020-04-20 22:49:16 DEBUG SignProcessor:43 - ======= END INIT method with file.length: 16 =========
2020-04-20 22:49:16 DEBUG SignProcessor:28 - INIT success
2020-04-20 22:49:16 DEBUG FileSignerImpl:49 - ======== START  fileValidator =========
2020-04-20 22:49:16 DEBUG FileSignerImpl:70 - File Attribute: /home/some/FileCertSigner/src/main/resources/files/text.txtAA009400007127312|UAH|AKD_ACCOUNT|26002878913122||.ACD
2020-04-20 22:49:16 DEBUG FileSignerImpl:57 - ======== END  fileValidator =========
2020-04-20 22:49:16 DEBUG SignProcessor:34 - file is valid: ok
2020-04-20 22:49:16 DEBUG SignProcessor:36 - ======== END Sign processor main method =========
2020-04-20 22:52:07 DEBUG SignProcessor:21 - ======= START Sign processor main method =========
2020-04-20 22:52:07 DEBUG SignProcessor:40 - ======= START INIT method with filePath:src/main/resources/files/text.txt =========
2020-04-20 22:52:07 DEBUG SignProcessor:43 - ======= END INIT method with file.length: 16 =========
2020-04-20 22:52:07 DEBUG SignProcessor:28 - INIT success
2020-04-20 22:52:07 DEBUG FileSignerImpl:49 - ======== START  fileValidator =========
2020-04-20 22:52:07 DEBUG FileSignerImpl:63 - GET Attribute with name: SystemID-SAPBS
2020-04-20 22:52:07 DEBUG FileSignerImpl:71 - File Attribute: /home/some/FileCertSigner/src/main/resources/files/text.txtAA009400007127312|UAH|AKD_ACCOUNT|26002878913122||.ACD
2020-04-20 22:52:07 DEBUG FileSignerImpl:57 - ======== END  fileValidator =========
2020-04-20 22:52:07 DEBUG SignProcessor:34 - file is valid: ok
2020-04-20 22:52:07 DEBUG SignProcessor:36 - ======== END Sign processor main method =========
2020-04-20 22:53:16 DEBUG SignProcessor:21 - ======= START Sign processor main method =========
2020-04-20 22:53:16 DEBUG SignProcessor:40 - ======= START INIT method with filePath:src/main/resources/files/text.txt =========
2020-04-20 22:53:16 DEBUG SignProcessor:43 - ======= END INIT method with file.length: 16 =========
2020-04-20 22:53:16 DEBUG SignProcessor:28 - INIT success
2020-04-20 22:53:16 DEBUG FileSignerImpl:49 - ======== START  fileValidator =========
2020-04-20 22:53:16 DEBUG FileSignerImpl:63 - GET Attribute with name: SystemID-SAPBS
2020-04-20 22:53:16 DEBUG FileSignerImpl:71 - SystemID-SAPBS: /home/some/FileCertSigner/src/main/resources/files/text.txtAA009400007127312|UAH|AKD_ACCOUNT|26002878913122||.ACD
2020-04-20 22:53:16 DEBUG FileSignerImpl:57 - ======== END  fileValidator =========
2020-04-20 22:53:16 DEBUG SignProcessor:34 - file is valid: ok
2020-04-20 22:53:16 DEBUG SignProcessor:36 - ======== END Sign processor main method =========
2020-04-20 23:14:09 DEBUG SignProcessor:21 - ======= START Sign processor main method =========
2020-04-20 23:14:09 DEBUG SignProcessor:40 - ======= START INIT method with filePath:src/main/resources/files/text.txt =========
2020-04-20 23:14:09 DEBUG SignProcessor:43 - ======= END INIT method with file.length: 16 =========
2020-04-20 23:14:09 DEBUG SignProcessor:28 - INIT success
2020-04-20 23:14:09 DEBUG FileSignerImpl:21 - ======== START setSignAttributeToFile =========
2020-04-20 23:14:09 DEBUG FileSignerImpl:80 - ERROR when reading attributes:src/main/resources/files/text.txt: Error writing extended attribute 'SystemID-SAPBS': No space left on device
2020-04-20 23:14:09 DEBUG FileSignerImpl:82 - ======== END setSignAttributeToFile =========
2020-04-20 23:14:09 DEBUG SignProcessor:31 - Signed file name  text.txt
2020-04-20 23:14:09 DEBUG FileSignerImpl:103 - ======== START  fileValidator =========
2020-04-20 23:14:09 DEBUG FileSignerImpl:117 - GET Attribute with name: SystemID-SAPBS
2020-04-20 23:14:09 DEBUG FileSignerImpl:123 - SystemID-SAPBS: /home/some/FileCertSigner/src/main/resources/files/text.txtAA009400007127312|UAH|AKD_ACCOUNT|26002878913122||.ACD
2020-04-20 23:14:09 DEBUG FileSignerImpl:111 - ======== END  fileValidator =========
2020-04-20 23:14:09 DEBUG SignProcessor:34 - file is valid: ok
2020-04-20 23:14:09 DEBUG SignProcessor:36 - ======== END Sign processor main method =========
2020-04-20 23:14:56 DEBUG SignProcessor:21 - ======= START Sign processor main method =========
2020-04-20 23:14:56 DEBUG SignProcessor:40 - ======= START INIT method with filePath:src/main/resources/files/text.txt =========
2020-04-20 23:14:56 DEBUG SignProcessor:43 - ======= END INIT method with file.length: 16 =========
2020-04-20 23:14:56 DEBUG SignProcessor:28 - INIT success
2020-04-20 23:14:56 DEBUG FileSignerImpl:21 - ======== START setSignAttributeToFile =========
2020-04-20 23:14:56 DEBUG FileSignerImpl:80 - ERROR when reading attributes:src/main/resources/files/text.txt: Error writing extended attribute 'SystemID-SAPBS': No space left on device
2020-04-20 23:14:56 DEBUG FileSignerImpl:82 - ======== END setSignAttributeToFile =========
2020-04-20 23:14:56 DEBUG SignProcessor:31 - Signed file name  text.txt
2020-04-20 23:14:56 DEBUG FileSignerImpl:103 - ======== START  fileValidator =========
2020-04-20 23:14:56 DEBUG FileSignerImpl:117 - GET Attribute with name: SystemID-SAPBS
2020-04-20 23:14:56 DEBUG FileSignerImpl:123 - SystemID-SAPBS: /home/some/FileCertSigner/src/main/resources/files/text.txtAA009400007127312|UAH|AKD_ACCOUNT|26002878913122||.ACD
2020-04-20 23:14:56 DEBUG FileSignerImpl:111 - ======== END  fileValidator =========
2020-04-20 23:14:56 DEBUG SignProcessor:34 - file is valid: ok
2020-04-20 23:14:56 DEBUG SignProcessor:36 - ======== END Sign processor main method =========
2020-04-21 00:42:47 DEBUG SignProcessor:21 - ======= START Sign processor main method =========
2020-04-21 00:42:47 DEBUG SignProcessor:40 - ======= START INIT method with filePath:src/main/resources/files/test_excel.ods =========
2020-04-21 00:42:47 DEBUG SignProcessor:43 - ======= END INIT method with file.length: 7579 =========
2020-04-21 00:42:47 DEBUG SignProcessor:28 - INIT success
2020-04-21 00:42:47 DEBUG FileSignerImpl:51 - ======== START  fileValidator =========
2020-04-21 00:42:47 DEBUG FileSignerImpl:65 - GET Attribute with name: SystemID-SAPBS
2020-04-21 00:42:47 DEBUG FileSignerImpl:57 - ERROR when reading attributes src/main/resources/files/test_excel.ods: Unable to get size of extended attribute 'SystemID-SAPBS': No data available
2020-04-21 00:42:47 DEBUG FileSignerImpl:59 - ======== END  fileValidator =========
2020-04-21 00:42:47 DEBUG SignProcessor:34 - file is valid: err
2020-04-21 00:42:47 DEBUG SignProcessor:36 - ======== END Sign processor main method =========
2020-04-21 00:43:00 DEBUG SignProcessor:21 - ======= START Sign processor main method =========
2020-04-21 00:43:00 DEBUG SignProcessor:40 - ======= START INIT method with filePath:src/main/resources/files/test_excel.ods =========
2020-04-21 00:43:00 DEBUG SignProcessor:43 - ======= END INIT method with file.length: 7579 =========
2020-04-21 00:43:00 DEBUG SignProcessor:28 - INIT success
2020-04-21 00:43:00 DEBUG FileSignerImpl:21 - ======== START setSignAttributeToFile =========
2020-04-21 00:43:00 DEBUG FileSignerImpl:23 - test_excel.ods
2020-04-21 00:43:00 DEBUG FileSignerImpl:31 - ======== END setSignAttributeToFile =========
2020-04-21 00:43:00 DEBUG SignProcessor:31 - Signed file name  test_excel.ods
2020-04-21 00:43:00 DEBUG FileSignerImpl:51 - ======== START  fileValidator =========
2020-04-21 00:43:00 DEBUG FileSignerImpl:65 - GET Attribute with name: SystemID-SAPBS
2020-04-21 00:43:00 DEBUG FileSignerImpl:71 - SystemID-SAPBS: /home/some/FileCertSigner/src/main/resources/files/test_excel.odsAA009400007127312|UAH|AKD_ACCOUNT|26002878913122||.ACD
2020-04-21 00:43:00 DEBUG FileSignerImpl:59 - ======== END  fileValidator =========
2020-04-21 00:43:00 DEBUG SignProcessor:34 - file is valid: ok
2020-04-21 00:43:00 DEBUG SignProcessor:36 - ======== END Sign processor main method =========
2020-04-21 00:43:10 DEBUG SignProcessor:21 - ======= START Sign processor main method =========
2020-04-21 00:43:10 DEBUG SignProcessor:40 - ======= START INIT method with filePath:src/main/resources/files/test_excel.ods =========
2020-04-21 00:43:10 DEBUG SignProcessor:43 - ======= END INIT method with file.length: 7579 =========
2020-04-21 00:43:10 DEBUG SignProcessor:28 - INIT success
2020-04-21 00:43:10 DEBUG FileSignerImpl:51 - ======== START  fileValidator =========
2020-04-21 00:43:10 DEBUG FileSignerImpl:65 - GET Attribute with name: SystemID-SAPBS
2020-04-21 00:43:10 DEBUG FileSignerImpl:71 - SystemID-SAPBS: /home/some/FileCertSigner/src/main/resources/files/test_excel.odsAA009400007127312|UAH|AKD_ACCOUNT|26002878913122||.ACD
2020-04-21 00:43:10 DEBUG FileSignerImpl:59 - ======== END  fileValidator =========
2020-04-21 00:43:10 DEBUG SignProcessor:34 - file is valid: ok
2020-04-21 00:43:10 DEBUG SignProcessor:36 - ======== END Sign processor main method =========
2020-04-21 16:03:53 DEBUG SignProcessor:22 - ======= START Sign processor main method =========
2020-04-21 16:03:53 DEBUG KeyGenerator:21 - Begin generate Key Pair
2020-04-21 16:03:53 DEBUG SignProcessor:39 - ======== END Sign processor main method =========
2020-04-21 16:05:27 DEBUG SignProcessor:22 - ======= START Sign processor main method =========
2020-04-21 16:05:27 DEBUG KeyGenerator:21 - Begin generate Key Pair
2020-04-21 16:05:27 DEBUG KeyGenerator:31 - Genereted key Pair Done
2020-04-21 16:05:27 DEBUG SignProcessor:39 - ======== END Sign processor main method =========
2020-04-21 16:06:26 DEBUG SignProcessor:22 - ======= START Sign processor main method =========
2020-04-21 16:06:26 DEBUG KeyGenerator:21 - Begin generate Key Pair
2020-04-21 16:06:26 DEBUG KeyGenerator:31 - Genereted key Pair Done
2020-04-21 16:06:26 DEBUG SignProcessor:39 - ======== END Sign processor main method =========
2020-04-21 16:07:22 DEBUG SignProcessor:22 - ======= START Sign processor main method =========
2020-04-21 16:07:22 DEBUG KeyGenerator:21 - Begin generate Key Pair
2020-04-21 16:07:22 DEBUG KeyGenerator:28 - RSA
2020-04-21 16:07:22 DEBUG KeyGenerator:31 - Genereted key Pair Done
2020-04-21 16:07:22 DEBUG SignProcessor:39 - ======== END Sign processor main method =========
2020-04-21 16:07:42 DEBUG SignProcessor:22 - ======= START Sign processor main method =========
2020-04-21 16:07:42 DEBUG KeyGenerator:21 - Begin generate Key Pair
2020-04-21 16:07:42 DEBUG KeyGenerator:28 - SunRsaSign RSA private CRT key, 1024 bits
  params: null
  modulus: 106772014469536197815548845932087427022820498090687066590122925451998187925790273677579184188051689502909239619290034128222057318556410746442518303556986829759642965575427543892078402595380663187771566553833077366375519630350200616905639770300179795305725957193177861591436172550347754480348663164285749233107
  private exponent: 88077096086974776482051386373811899838377126932552973038058281517096083672491474671670748669826974654108050601920408701038205330665069773931907541188913451376963859585594217773925712219732682914510438115423638727437065770380794547837392109592869894685966302590997234328101938675781450954412615666703560250913
2020-04-21 16:07:42 DEBUG KeyGenerator:31 - Genereted key Pair Done
2020-04-21 16:07:42 DEBUG SignProcessor:39 - ======== END Sign processor main method =========
2020-04-21 16:08:47 DEBUG SignProcessor:22 - ======= START Sign processor main method =========
2020-04-21 16:08:47 DEBUG KeyGenerator:21 - Begin generate Key Pair
2020-04-21 16:08:47 DEBUG KeyGenerator:28 - SunRsaSign RSA private CRT key, 1024 bits
  params: null
  modulus: 103478729402794153762390422542740587160253692302951909199956742159926206803709128399326987128562811926903422404827935245234454426105285836752103180551895492226083739953514808338366829422183252411749417765902061607025457334663950623750672369845022857031808656085846644604255463417306732211955157816133177702731
  private exponent: 41904961752142405677004467923224059435633809813087930026807024076848826290041354772390225954682958154020123451243319062644344728456204679912123203867239968623305726769567983093686342067537730522881250000287692807289255817360527418891754490261999807918489599673381947438196286047038208114526625507365736547713
2020-04-21 16:08:47 DEBUG KeyGenerator:29 - Sun RSA public key, 1024 bits
  params: null
  modulus: 103478729402794153762390422542740587160253692302951909199956742159926206803709128399326987128562811926903422404827935245234454426105285836752103180551895492226083739953514808338366829422183252411749417765902061607025457334663950623750672369845022857031808656085846644604255463417306732211955157816133177702731
  public exponent: 65537
2020-04-21 16:08:47 DEBUG KeyGenerator:32 - Genereted key Pair Done
2020-04-21 16:08:47 DEBUG SignProcessor:39 - ======== END Sign processor main method =========
2020-04-21 16:09:56 DEBUG SignProcessor:22 - ======= START Sign processor main method =========
2020-04-21 16:09:56 DEBUG KeyGenerator:21 - Begin generate Key Pair
2020-04-21 16:09:56 DEBUG KeyGenerator:28 - SunRsaSign RSA private CRT key, 1024 bits
  params: null
  modulus: 111059364981875229620673540897188953186056760610677869124645070753380867173633109851295641513488093249058703494570158492084314934427706526714528600800995390185945077374794948654601322179489331966112733188952407023051351945569897528508977761546170179378356411322683839624463242251089615348219737965503093338777
  private exponent: 83215300926193829832808869788018382519103762554708751411184839776241220431640561703430486170580684301818464284363980696588070390313974650973398865845761608983748972345658713342297958749874317962463053934036990311586180527562158108421339514741379018966892706234648666205208756760516843930150264933825134882561
2020-04-21 16:09:56 DEBUG KeyGenerator:29 - Sun RSA public key, 1024 bits
  params: null
  modulus: 111059364981875229620673540897188953186056760610677869124645070753380867173633109851295641513488093249058703494570158492084314934427706526714528600800995390185945077374794948654601322179489331966112733188952407023051351945569897528508977761546170179378356411322683839624463242251089615348219737965503093338777
  public exponent: 65537
2020-04-21 16:09:56 DEBUG KeyGenerator:32 - Genereted key Pair Done
2020-04-21 16:09:56 DEBUG SignProcessor:39 - ======== END Sign processor main method =========
2020-04-21 16:35:01 DEBUG SignProcessor:23 - ======= START Sign processor main method =========
2020-04-21 16:35:01 DEBUG SignProcessor:41 - ======== END Sign processor main method =========
2020-04-21 17:25:41 DEBUG SignProcessor:23 - ======= START Sign processor main method =========
2020-04-21 17:25:41 DEBUG SignProcessor:42 - ======== END Sign processor main method =========
2020-04-21 17:26:43 DEBUG SignProcessor:23 - ======= START Sign processor main method =========
2020-04-21 17:26:43 DEBUG SignProcessor:42 - ======== END Sign processor main method =========
2020-04-21 17:30:30 DEBUG SignProcessor:23 - ======= START Sign processor main method =========
2020-04-21 17:30:30 DEBUG SignProcessor:42 - ======== END Sign processor main method =========
2020-04-21 17:31:10 DEBUG SignProcessor:23 - ======= START Sign processor main method =========
2020-04-21 17:31:10 DEBUG SignProcessor:42 - ======== END Sign processor main method =========
2020-04-21 17:35:32 DEBUG SignProcessor:23 - ======= START Sign processor main method =========
2020-04-21 17:35:33 DEBUG SignProcessor:42 - ======== END Sign processor main method =========
2020-04-21 17:41:07 DEBUG SignProcessor:23 - ======= START Sign processor main method =========
2020-04-21 17:41:07 DEBUG SignProcessor:42 - ======== END Sign processor main method =========
2020-04-21 17:41:39 DEBUG SignProcessor:23 - ======= START Sign processor main method =========
2020-04-21 17:41:39 DEBUG KeyGeneratorCusom:31 - javax.crypto.spec.SecretKeySpec@17512
2020-04-21 17:41:39 DEBUG SignProcessor:42 - ======== END Sign processor main method =========
2020-04-21 17:41:58 DEBUG SignProcessor:23 - ======= START Sign processor main method =========
2020-04-21 17:41:58 DEBUG KeyGeneratorCusom:31 - 6603384152749567654
2020-04-21 17:41:58 DEBUG SignProcessor:42 - ======== END Sign processor main method =========
2020-04-21 17:45:54 DEBUG SignProcessor:23 - ======= START Sign processor main method =========
2020-04-21 17:45:54 DEBUG SignProcessor:42 - ======== END Sign processor main method =========
2020-04-21 17:46:33 DEBUG SignProcessor:23 - ======= START Sign processor main method =========
2020-04-21 17:46:33 DEBUG SignProcessor:42 - ======== END Sign processor main method =========
2020-04-21 17:47:10 DEBUG SignProcessor:23 - ======= START Sign processor main method =========
2020-04-21 17:47:10 DEBUG KeyGeneratorCusom:33 - 
2020-04-21 17:47:10 DEBUG SignProcessor:42 - ======== END Sign processor main method =========
2020-04-23 11:55:58 DEBUG SignProcessor:24 - ======= START Sign processor main method =========
2020-04-23 11:57:15 DEBUG SignProcessor:45 - ======== END Sign processor main method =========
2020-04-23 12:13:49 DEBUG SignProcessor:25 - ======= START Sign processor main method =========
2020-04-23 12:13:55 DEBUG SignProcessor:45 - ======== END Sign processor main method =========
2020-04-23 12:16:21 DEBUG SignProcessor:25 - ======= START Sign processor main method =========
2020-04-23 12:16:31 DEBUG FileInterface:30 - File download Error!
2020-04-23 12:16:31 DEBUG SignProcessor:45 - ======== END Sign processor main method =========
2020-04-23 12:19:15 DEBUG SignProcessor:25 - ======= START Sign processor main method =========
2020-04-23 12:19:16 DEBUG SignProcessor:45 - ======== END Sign processor main method =========
2020-04-23 12:27:26 DEBUG SignProcessor:25 - ======= START Sign processor main method =========
2020-04-23 12:27:26 DEBUG FileInterface:21 - test_excel.ods
2020-04-23 12:27:26 DEBUG FileInterface:21 - text.txt
2020-04-23 12:27:26 DEBUG FileInterface:21 - TestFileForDownload.txt
2020-04-23 12:27:26 DEBUG FileInterface:21 - info.txt
2020-04-23 12:27:26 DEBUG SignProcessor:45 - ======== END Sign processor main method =========
2020-04-23 12:29:25 DEBUG SignProcessor:25 - ======= START Sign processor main method =========
2020-04-23 12:29:25 DEBUG FileInterface:18 - get files from dir
2020-04-23 12:29:25 DEBUG FileInterface:22 - File Name: test_excel.ods
2020-04-23 12:29:25 DEBUG FileInterface:22 - File Name: text.txt
2020-04-23 12:29:25 DEBUG FileInterface:22 - File Name: TestFileForDownload.txt
2020-04-23 12:29:25 DEBUG FileInterface:22 - File Name: info.txt
2020-04-23 12:29:25 DEBUG SignProcessor:45 - ======== END Sign processor main method =========
2020-04-23 12:30:27 DEBUG SignProcessor:25 - ======= START Sign processor main method =========
2020-04-23 12:30:27 DEBUG FileInterface:18 - get files from dir
2020-04-23 12:30:27 DEBUG FileInterface:22 - File Name: test_excel.ods
2020-04-23 12:30:27 DEBUG FileInterface:22 - File Name: text.txt
2020-04-23 12:30:27 DEBUG FileInterface:22 - File Name: info.txt
2020-04-23 12:30:27 DEBUG SignProcessor:45 - ======== END Sign processor main method =========
2020-04-23 12:30:38 DEBUG SignProcessor:25 - ======= START Sign processor main method =========
2020-04-23 12:30:38 DEBUG FileInterface:27 - begin file download dialog
2020-04-23 12:30:59 DEBUG FileInterface:18 - get files from dir
2020-04-23 12:30:59 DEBUG FileInterface:22 - File Name: test_excel.ods
2020-04-23 12:30:59 DEBUG FileInterface:22 - File Name: text.txt
2020-04-23 12:30:59 DEBUG FileInterface:22 - File Name: TestFileForDownload.txt
2020-04-23 12:30:59 DEBUG FileInterface:22 - File Name: info.txt
2020-04-23 12:30:59 DEBUG SignProcessor:45 - ======== END Sign processor main method =========
2020-04-23 12:33:58 DEBUG SignProcessor:25 - ======= START Sign processor main method =========
2020-04-23 12:33:58 DEBUG FileInterface:18 - get files from dir
2020-04-23 12:33:58 DEBUG FileInterface:22 - File Name: test_excel.ods
2020-04-23 12:33:58 DEBUG FileInterface:22 - File Name: text.txt
2020-04-23 12:33:58 DEBUG FileInterface:22 - File Name: info.txt
2020-04-23 12:33:58 DEBUG FileInterface:27 - begin file download dialog
2020-04-23 12:34:03 DEBUG FileInterface:36 - File downloaded succsses, file name:TestFileForDownload.txt
2020-04-23 12:34:03 DEBUG FileInterface:18 - get files from dir
2020-04-23 12:34:03 DEBUG FileInterface:22 - File Name: test_excel.ods
2020-04-23 12:34:03 DEBUG FileInterface:22 - File Name: text.txt
2020-04-23 12:34:03 DEBUG FileInterface:22 - File Name: TestFileForDownload.txt
2020-04-23 12:34:03 DEBUG FileInterface:22 - File Name: info.txt
2020-04-23 12:34:03 DEBUG SignProcessor:46 - ======== END Sign processor main method =========
2020-04-23 13:11:12 DEBUG SignProcessor:25 - ======= START Sign processor main method =========
2020-04-23 13:11:12 DEBUG FileInterface:23 - get files from dir
2020-04-23 13:11:12 DEBUG FileWorker:33 - File Name: test_excel.ods
2020-04-23 13:11:12 DEBUG FileWorker:33 - File Name: text.txt
2020-04-23 13:11:12 DEBUG FileWorker:33 - File Name: TestFileForDownload.txt
2020-04-23 13:11:12 DEBUG FileWorker:33 - File Name: info.txt
2020-04-23 13:11:52 DEBUG SignProcessor:25 - ======= START Sign processor main method =========
2020-04-23 13:11:52 DEBUG FileInterface:23 - get files from dir
2020-04-23 13:11:52 DEBUG FileWorker:33 - File Name: test_excel.ods
2020-04-23 13:11:52 DEBUG FileWorker:33 - File Name: text.txt
2020-04-23 13:11:52 DEBUG FileWorker:33 - File Name: TestFileForDownload.txt
2020-04-23 13:11:52 DEBUG FileWorker:33 - File Name: info.txt
2020-04-23 13:12:01 DEBUG SignProcessor:25 - ======= START Sign processor main method =========
2020-04-23 13:12:01 DEBUG FileInterface:23 - get files from dir
2020-04-23 13:12:01 DEBUG FileWorker:33 - File Name: test_excel.ods
2020-04-23 13:12:01 DEBUG FileWorker:33 - File Name: text.txt
2020-04-23 13:12:01 DEBUG FileWorker:33 - File Name: TestFileForDownload.txt
2020-04-23 13:12:01 DEBUG FileWorker:33 - File Name: info.txt
2020-04-23 13:13:38 DEBUG SignProcessor:25 - ======= START Sign processor main method =========
2020-04-23 13:13:38 DEBUG FileInterface:23 - get files from dir
2020-04-23 13:13:38 DEBUG FileWorker:33 - File Name: test_excel.ods
2020-04-23 13:13:38 DEBUG FileWorker:33 - File Name: text.txt
2020-04-23 13:13:38 DEBUG FileWorker:33 - File Name: TestFileForDownload.txt
2020-04-23 13:13:38 DEBUG FileWorker:33 - File Name: info.txt
2020-04-23 13:13:39 DEBUG SignProcessor:46 - ======== END Sign processor main method =========
2020-04-23 13:14:33 DEBUG SignProcessor:25 - ======= START Sign processor main method =========
2020-04-23 13:14:33 DEBUG FileInterface:23 - get files from dir
2020-04-23 13:14:33 DEBUG FileWorker:33 - File Name: test_excel.ods
2020-04-23 13:14:33 DEBUG FileWorker:33 - File Name: text.txt
2020-04-23 13:14:33 DEBUG FileWorker:33 - File Name: TestFileForDownload.txt
2020-04-23 13:14:33 DEBUG FileWorker:33 - File Name: info.txt
2020-04-23 13:14:34 DEBUG SignProcessor:46 - ======== END Sign processor main method =========
2020-04-23 13:15:29 DEBUG SignProcessor:25 - ======= START Sign processor main method =========
2020-04-23 13:15:29 DEBUG FileInterface:23 - get files from dir
2020-04-23 13:15:29 DEBUG FileWorker:33 - File Name: test_excel.ods
2020-04-23 13:15:29 DEBUG FileWorker:33 - File Name: text.txt
2020-04-23 13:15:29 DEBUG FileWorker:33 - File Name: TestFileForDownload.txt
2020-04-23 13:15:29 DEBUG FileWorker:33 - File Name: info.txt
2020-04-23 13:15:30 DEBUG SignProcessor:46 - ======== END Sign processor main method =========
2020-04-23 13:16:23 DEBUG SignProcessor:25 - ======= START Sign processor main method =========
2020-04-23 13:16:23 DEBUG FileInterface:23 - get files from dir
2020-04-23 13:16:23 DEBUG FileWorker:33 - File Name: test_excel.ods
2020-04-23 13:16:23 DEBUG FileWorker:33 - File Name: text.txt
2020-04-23 13:16:23 DEBUG FileWorker:33 - File Name: TestFileForDownload.txt
2020-04-23 13:16:23 DEBUG FileWorker:33 - File Name: info.txt
2020-04-23 13:16:23 DEBUG SignProcessor:46 - ======== END Sign processor main method =========
2020-04-23 13:18:11 DEBUG SignProcessor:25 - ======= START Sign processor main method =========
2020-04-23 13:18:11 DEBUG FileInterface:23 - get files from dir
2020-04-23 13:18:11 DEBUG FileWorker:33 - File Name: test_excel.ods
2020-04-23 13:18:11 DEBUG FileWorker:33 - File Name: text.txt
2020-04-23 13:18:11 DEBUG FileWorker:33 - File Name: TestFileForDownload.txt
2020-04-23 13:18:11 DEBUG FileWorker:33 - File Name: info.txt
2020-04-23 13:18:11 DEBUG SignProcessor:46 - ======== END Sign processor main method =========
2020-04-23 13:18:19 DEBUG SignProcessor:25 - ======= START Sign processor main method =========
2020-04-23 13:18:19 DEBUG FileInterface:23 - get files from dir
2020-04-23 13:18:19 DEBUG FileWorker:33 - File Name: test_excel.ods
2020-04-23 13:18:19 DEBUG FileWorker:33 - File Name: text.txt
2020-04-23 13:18:19 DEBUG FileWorker:33 - File Name: TestFileForDownload.txt
2020-04-23 13:18:19 DEBUG FileWorker:33 - File Name: info.txt
2020-04-23 13:18:19 DEBUG SignProcessor:46 - ======== END Sign processor main method =========
2020-04-23 13:18:43 DEBUG SignProcessor:25 - ======= START Sign processor main method =========
2020-04-23 13:18:43 DEBUG FileInterface:23 - get files from dir
2020-04-23 13:18:43 DEBUG FileWorker:33 - File Name: test_excel.ods
2020-04-23 13:18:43 DEBUG FileWorker:33 - File Name: text.txt
2020-04-23 13:18:43 DEBUG FileWorker:33 - File Name: TestFileForDownload.txt
2020-04-23 13:18:43 DEBUG FileWorker:33 - File Name: info.txt
2020-04-23 13:18:44 DEBUG FileInterface:56 - begin file download dialog
2020-04-23 13:18:52 DEBUG FileInterface:62 - File download Error!
2020-04-23 13:18:52 DEBUG FileInterface:64 - End file download dialog
2020-04-23 13:18:52 DEBUG FileInterface:23 - get files from dir
2020-04-23 13:18:52 DEBUG FileWorker:33 - File Name: test_excel.ods
2020-04-23 13:18:52 DEBUG FileWorker:33 - File Name: text.txt
2020-04-23 13:18:52 DEBUG FileWorker:33 - File Name: TestFileForDownload.txt
2020-04-23 13:18:52 DEBUG FileWorker:33 - File Name: info.txt
2020-04-23 13:18:52 DEBUG SignProcessor:46 - ======== END Sign processor main method =========
2020-04-23 13:20:57 DEBUG SignProcessor:25 - ======= START Sign processor main method =========
2020-04-23 13:20:57 DEBUG FileInterface:24 - get files from dir
2020-04-23 13:20:57 DEBUG FileWorker:33 - File Name: test_excel.ods
2020-04-23 13:20:57 DEBUG FileWorker:33 - File Name: text.txt
2020-04-23 13:20:57 DEBUG FileWorker:33 - File Name: TestFileForDownload.txt
2020-04-23 13:20:57 DEBUG FileWorker:33 - File Name: info.txt
2020-04-23 13:20:57 DEBUG FileInterface:57 - begin file download dialog
2020-04-23 13:21:01 DEBUG FileInterface:64 - File download Error!
2020-04-23 13:21:01 DEBUG FileInterface:66 - End file download dialog
2020-04-23 13:21:01 DEBUG FileInterface:24 - get files from dir
2020-04-23 13:21:01 DEBUG FileWorker:33 - File Name: test_excel.ods
2020-04-23 13:21:01 DEBUG FileWorker:33 - File Name: text.txt
2020-04-23 13:21:01 DEBUG FileWorker:33 - File Name: TestFileForDownload.txt
2020-04-23 13:21:01 DEBUG FileWorker:33 - File Name: info.txt
2020-04-23 13:21:01 DEBUG SignProcessor:46 - ======== END Sign processor main method =========
2020-04-23 13:21:32 DEBUG SignProcessor:25 - ======= START Sign processor main method =========
2020-04-23 13:21:32 DEBUG FileInterface:24 - get files from dir
2020-04-23 13:21:32 DEBUG FileWorker:33 - File Name: test_excel.ods
2020-04-23 13:21:32 DEBUG FileWorker:33 - File Name: text.txt
2020-04-23 13:21:32 DEBUG FileWorker:33 - File Name: info.txt
2020-04-23 13:21:32 DEBUG FileInterface:57 - begin file download dialog
2020-04-23 13:21:36 DEBUG FileInterface:64 - File download Error!
2020-04-23 13:21:36 DEBUG FileInterface:66 - End file download dialog
2020-04-23 13:21:36 DEBUG FileInterface:24 - get files from dir
2020-04-23 13:21:36 DEBUG FileWorker:33 - File Name: test_excel.ods
2020-04-23 13:21:36 DEBUG FileWorker:33 - File Name: text.txt
2020-04-23 13:21:36 DEBUG FileWorker:33 - File Name: info.txt
2020-04-23 13:21:36 DEBUG SignProcessor:46 - ======== END Sign processor main method =========
2020-04-23 13:30:50 DEBUG SignProcessor:25 - ======= START Sign processor main method =========
2020-04-23 13:30:50 DEBUG SignProcessor:47 - ======== END Sign processor main method =========
2020-04-23 13:37:47 DEBUG SignProcessor:25 - ======= START Sign processor main method =========
2020-04-23 13:37:48 DEBUG SignProcessor:47 - ======== END Sign processor main method =========
2020-04-23 13:38:26 DEBUG SignProcessor:25 - ======= START Sign processor main method =========
2020-04-23 13:38:26 DEBUG SignProcessor:47 - ======== END Sign processor main method =========
2020-04-23 13:38:59 DEBUG SignProcessor:25 - ======= START Sign processor main method =========
2020-04-23 13:38:59 DEBUG SignProcessor:47 - ======== END Sign processor main method =========
2020-04-23 13:39:36 DEBUG SignProcessor:25 - ======= START Sign processor main method =========
2020-04-23 13:39:36 DEBUG SignProcessor:47 - ======== END Sign processor main method =========
2020-04-23 13:39:53 DEBUG SignProcessor:25 - ======= START Sign processor main method =========
2020-04-23 13:39:53 DEBUG SignProcessor:47 - ======== END Sign processor main method =========
2020-04-23 13:40:43 DEBUG SignProcessor:25 - ======= START Sign processor main method =========
2020-04-23 13:40:43 DEBUG SignProcessor:47 - ======== END Sign processor main method =========
2020-04-23 13:41:00 DEBUG SignProcessor:25 - ======= START Sign processor main method =========
2020-04-23 13:41:00 DEBUG SignProcessor:47 - ======== END Sign processor main method =========
2020-04-23 13:41:24 DEBUG SignProcessor:25 - ======= START Sign processor main method =========
2020-04-23 13:41:24 DEBUG SignProcessor:47 - ======== END Sign processor main method =========
2020-04-23 13:41:59 DEBUG SignProcessor:25 - ======= START Sign processor main method =========
2020-04-23 13:41:59 DEBUG SignProcessor:47 - ======== END Sign processor main method =========
2020-04-23 13:44:29 DEBUG SignProcessor:25 - ======= START Sign processor main method =========
2020-04-23 13:44:29 DEBUG SignProcessor:47 - ======== END Sign processor main method =========
2020-04-23 13:46:09 DEBUG SignProcessor:25 - ======= START Sign processor main method =========
2020-04-23 13:48:27 DEBUG SignProcessor:25 - ======= START Sign processor main method =========
2020-04-23 13:48:27 DEBUG SignProcessor:47 - ======== END Sign processor main method =========
2020-04-23 13:50:15 DEBUG SignProcessor:25 - ======= START Sign processor main method =========
2020-04-23 13:50:15 DEBUG SignProcessor:47 - ======== END Sign processor main method =========
2020-04-23 13:50:51 DEBUG SignProcessor:25 - ======= START Sign processor main method =========
2020-04-23 13:50:51 DEBUG SignProcessor:47 - ======== END Sign processor main method =========
2020-04-23 13:51:11 DEBUG SignProcessor:25 - ======= START Sign processor main method =========
2020-04-23 13:53:41 DEBUG SignProcessor:25 - ======= START Sign processor main method =========
2020-04-23 13:53:41 DEBUG SignProcessor:47 - ======== END Sign processor main method =========
2020-04-23 14:06:16 DEBUG SignProcessor:25 - ======= START Sign processor main method =========
2020-04-23 14:06:16 DEBUG SignProcessor:47 - ======== END Sign processor main method =========
2020-04-23 14:06:48 DEBUG SignProcessor:25 - ======= START Sign processor main method =========
2020-04-23 14:06:48 DEBUG SignProcessor:47 - ======== END Sign processor main method =========
2020-04-23 14:09:40 DEBUG SignProcessor:25 - ======= START Sign processor main method =========
2020-04-23 14:09:40 DEBUG SignProcessor:47 - ======== END Sign processor main method =========
2020-04-23 14:10:02 DEBUG SignProcessor:25 - ======= START Sign processor main method =========
2020-04-23 14:10:02 DEBUG SignProcessor:47 - ======== END Sign processor main method =========
2020-04-23 14:12:51 DEBUG SignProcessor:25 - ======= START Sign processor main method =========
2020-04-23 14:12:51 DEBUG SignProcessor:47 - ======== END Sign processor main method =========
2020-04-23 14:13:49 DEBUG SignProcessor:25 - ======= START Sign processor main method =========
2020-04-23 14:13:49 DEBUG SignProcessor:47 - ======== END Sign processor main method =========
2020-04-23 14:20:00 DEBUG SignProcessor:25 - ======= START Sign processor main method =========
2020-04-23 14:20:00 DEBUG SignProcessor:47 - ======== END Sign processor main method =========
2020-04-23 14:23:00 DEBUG SignProcessor:24 - ======= START Sign processor main method =========
2020-04-23 14:23:00 DEBUG SignProcessor:46 - ======== END Sign processor main method =========
2020-04-23 14:23:02 DEBUG ActionShowFiles:26 - get files from dir
2020-04-23 14:23:02 DEBUG FileWorker:33 - File Name: test_excel.ods
2020-04-23 14:23:02 DEBUG FileWorker:33 - File Name: text.txt
2020-04-23 14:23:02 DEBUG FileWorker:33 - File Name: info.txt
2020-04-23 14:33:10 DEBUG SignProcessor:24 - ======= START Sign processor main method =========
2020-04-23 14:33:10 DEBUG SignProcessor:46 - ======== END Sign processor main method =========
2020-04-23 14:33:12 DEBUG FileInterface:75 - get files from dir
2020-04-23 14:33:12 DEBUG FileWorker:33 - File Name: test_excel.ods
2020-04-23 14:33:12 DEBUG FileWorker:33 - File Name: text.txt
2020-04-23 14:33:12 DEBUG FileWorker:33 - File Name: info.txt
2020-04-23 14:35:34 DEBUG SignProcessor:24 - ======= START Sign processor main method =========
2020-04-23 14:35:34 DEBUG SignProcessor:46 - ======== END Sign processor main method =========
2020-04-23 14:35:36 DEBUG FileInterface:75 - get files from dir
2020-04-23 14:35:36 DEBUG FileWorker:33 - File Name: test_excel.ods
2020-04-23 14:35:36 DEBUG FileWorker:33 - File Name: text.txt
2020-04-23 14:35:36 DEBUG FileWorker:33 - File Name: info.txt
2020-04-23 14:36:05 DEBUG SignProcessor:24 - ======= START Sign processor main method =========
2020-04-23 14:36:05 DEBUG SignProcessor:46 - ======== END Sign processor main method =========
2020-04-23 14:36:06 DEBUG FileInterface:75 - get files from dir
2020-04-23 14:36:07 DEBUG FileWorker:33 - File Name: test_excel.ods
2020-04-23 14:36:07 DEBUG FileWorker:33 - File Name: text.txt
2020-04-23 14:36:07 DEBUG FileWorker:33 - File Name: info.txt
2020-04-23 14:36:28 DEBUG SignProcessor:24 - ======= START Sign processor main method =========
2020-04-23 14:36:28 DEBUG SignProcessor:46 - ======== END Sign processor main method =========
2020-04-23 14:36:29 DEBUG FileInterface:75 - get files from dir
2020-04-23 14:36:29 DEBUG FileWorker:33 - File Name: test_excel.ods
2020-04-23 14:36:29 DEBUG FileWorker:33 - File Name: text.txt
2020-04-23 14:36:29 DEBUG FileWorker:33 - File Name: info.txt
2020-04-23 14:36:32 DEBUG FileInterface:75 - get files from dir
2020-04-23 14:36:32 DEBUG FileWorker:33 - File Name: test_excel.ods
2020-04-23 14:36:32 DEBUG FileWorker:33 - File Name: text.txt
2020-04-23 14:36:32 DEBUG FileWorker:33 - File Name: info.txt
2020-04-23 14:36:32 DEBUG FileInterface:75 - get files from dir
2020-04-23 14:36:32 DEBUG FileWorker:33 - File Name: test_excel.ods
2020-04-23 14:36:32 DEBUG FileWorker:33 - File Name: text.txt
2020-04-23 14:36:32 DEBUG FileWorker:33 - File Name: info.txt
2020-04-23 14:36:32 DEBUG FileInterface:75 - get files from dir
2020-04-23 14:36:32 DEBUG FileWorker:33 - File Name: test_excel.ods
2020-04-23 14:36:32 DEBUG FileWorker:33 - File Name: text.txt
2020-04-23 14:36:32 DEBUG FileWorker:33 - File Name: info.txt
2020-04-23 14:36:40 DEBUG FileInterface:75 - get files from dir
2020-04-23 14:36:40 DEBUG FileWorker:33 - File Name: test_excel.ods
2020-04-23 14:36:40 DEBUG FileWorker:33 - File Name: text.txt
2020-04-23 14:36:40 DEBUG FileWorker:33 - File Name: info.txt
2020-04-23 14:38:44 DEBUG SignProcessor:24 - ======= START Sign processor main method =========
2020-04-23 14:38:44 DEBUG SignProcessor:46 - ======== END Sign processor main method =========
2020-04-23 14:38:46 DEBUG FileInterface:75 - get files from dir
2020-04-23 14:38:46 DEBUG FileWorker:33 - File Name: test_excel.ods
2020-04-23 14:38:46 DEBUG FileWorker:33 - File Name: text.txt
2020-04-23 14:38:46 DEBUG FileWorker:33 - File Name: info.txt
2020-04-23 14:38:56 DEBUG FileInterface:75 - get files from dir
2020-04-23 14:38:56 DEBUG FileWorker:33 - File Name: test_excel.ods
2020-04-23 14:38:56 DEBUG FileWorker:33 - File Name: text.txt
2020-04-23 14:38:56 DEBUG FileWorker:33 - File Name: info.txt
2020-04-23 14:39:03 DEBUG FileInterface:75 - get files from dir
2020-04-23 14:39:03 DEBUG FileWorker:33 - File Name: test_excel.ods
2020-04-23 14:39:03 DEBUG FileWorker:33 - File Name: text.txt
2020-04-23 14:39:03 DEBUG FileWorker:33 - File Name: info.txt
2020-04-23 14:39:04 DEBUG FileInterface:75 - get files from dir
2020-04-23 14:39:04 DEBUG FileWorker:33 - File Name: test_excel.ods
2020-04-23 14:39:04 DEBUG FileWorker:33 - File Name: text.txt
2020-04-23 14:39:04 DEBUG FileWorker:33 - File Name: info.txt
2020-04-23 14:39:08 DEBUG FileInterface:75 - get files from dir
2020-04-23 14:39:08 DEBUG FileWorker:33 - File Name: test_excel.ods
2020-04-23 14:39:08 DEBUG FileWorker:33 - File Name: text.txt
2020-04-23 14:39:08 DEBUG FileWorker:33 - File Name: info.txt
